2021-09-09 12:27:15.677  INFO 29016 --- [main] com.example.PMS1.Pms1ApplicationTests    : Starting Pms1ApplicationTests using Java 11.0.10 on LAPTOP-LUFHO4CJ with PID 29016 (started by riju_ in C:\Users\riju_\Downloads\PMS1\PMS1)
2021-09-09 12:27:15.688  INFO 29016 --- [main] com.example.PMS1.Pms1ApplicationTests    : No active profile set, falling back to default profiles: default
2021-09-09 12:27:16.382  INFO 29016 --- [main] .s.d.r.c.RepositoryConfigurationDelegate : Bootstrapping Spring Data JPA repositories in DEFAULT mode.
2021-09-09 12:27:16.437  INFO 29016 --- [main] .s.d.r.c.RepositoryConfigurationDelegate : Finished Spring Data repository scanning in 45 ms. Found 1 JPA repository interfaces.
2021-09-09 12:27:17.511  INFO 29016 --- [main] o.hibernate.jpa.internal.util.LogHelper  : HHH000204: Processing PersistenceUnitInfo [name: default]
2021-09-09 12:27:17.606  INFO 29016 --- [main] org.hibernate.Version                    : HHH000412: Hibernate ORM core version 5.4.32.Final
2021-09-09 12:27:17.673  INFO 29016 --- [main] o.hibernate.annotations.common.Version   : HCANN000001: Hibernate Commons Annotations {5.1.2.Final}
2021-09-09 12:27:18.046  INFO 29016 --- [main] com.zaxxer.hikari.HikariDataSource       : HikariPool-1 - Starting...
2021-09-09 12:27:18.050  WARN 29016 --- [main] com.zaxxer.hikari.util.DriverDataSource  : Registered driver with driverClassName=com.mysql.jdbc.Driver was not found, trying direct instantiation.
2021-09-09 12:27:18.467  INFO 29016 --- [main] com.zaxxer.hikari.HikariDataSource       : HikariPool-1 - Start completed.
2021-09-09 12:27:18.491  INFO 29016 --- [main] org.hibernate.dialect.Dialect            : HHH000400: Using dialect: org.hibernate.dialect.MySQL5InnoDBDialect
2021-09-09 12:27:19.002  INFO 29016 --- [main] o.h.e.t.j.p.i.JtaPlatformInitiator       : HHH000490: Using JtaPlatform implementation: [org.hibernate.engine.transaction.jta.platform.internal.NoJtaPlatform]
2021-09-09 12:27:19.011  INFO 29016 --- [main] j.LocalContainerEntityManagerFactoryBean : Initialized JPA EntityManagerFactory for persistence unit 'default'
2021-09-09 12:27:19.326  WARN 29016 --- [main] JpaBaseConfiguration$JpaWebConfiguration : spring.jpa.open-in-view is enabled by default. Therefore, database queries may be performed during view rendering. Explicitly configure spring.jpa.open-in-view to disable this warning
2021-09-09 12:27:20.074  INFO 29016 --- [main] com.example.PMS1.Pms1ApplicationTests    : Started Pms1ApplicationTests in 4.737 seconds (JVM running for 5.785)
2021-09-09 12:27:20.161  INFO 29016 --- [SpringApplicationShutdownHook] j.LocalContainerEntityManagerFactoryBean : Closing JPA EntityManagerFactory for persistence unit 'default'
2021-09-09 12:27:20.164  INFO 29016 --- [SpringApplicationShutdownHook] com.zaxxer.hikari.HikariDataSource       : HikariPool-1 - Shutdown initiated...
2021-09-09 12:27:20.187  INFO 29016 --- [SpringApplicationShutdownHook] com.zaxxer.hikari.HikariDataSource       : HikariPool-1 - Shutdown completed.
2021-09-09 12:29:23.634  INFO 28512 --- [main] com.example.PMS1.Pms1ApplicationTests    : Starting Pms1ApplicationTests using Java 11.0.10 on LAPTOP-LUFHO4CJ with PID 28512 (started by riju_ in C:\Users\riju_\Downloads\PMS1\PMS1)
2021-09-09 12:29:23.637  INFO 28512 --- [main] com.example.PMS1.Pms1ApplicationTests    : No active profile set, falling back to default profiles: default
2021-09-09 12:29:24.387  INFO 28512 --- [main] .s.d.r.c.RepositoryConfigurationDelegate : Bootstrapping Spring Data JPA repositories in DEFAULT mode.
2021-09-09 12:29:24.443  INFO 28512 --- [main] .s.d.r.c.RepositoryConfigurationDelegate : Finished Spring Data repository scanning in 48 ms. Found 1 JPA repository interfaces.
2021-09-09 12:29:25.519  INFO 28512 --- [main] o.hibernate.jpa.internal.util.LogHelper  : HHH000204: Processing PersistenceUnitInfo [name: default]
2021-09-09 12:29:25.591  INFO 28512 --- [main] org.hibernate.Version                    : HHH000412: Hibernate ORM core version 5.4.32.Final
2021-09-09 12:29:25.655  INFO 28512 --- [main] o.hibernate.annotations.common.Version   : HCANN000001: Hibernate Commons Annotations {5.1.2.Final}
2021-09-09 12:29:26.011  INFO 28512 --- [main] com.zaxxer.hikari.HikariDataSource       : HikariPool-1 - Starting...
2021-09-09 12:29:26.016  WARN 28512 --- [main] com.zaxxer.hikari.util.DriverDataSource  : Registered driver with driverClassName=com.mysql.jdbc.Driver was not found, trying direct instantiation.
2021-09-09 12:29:26.352  INFO 28512 --- [main] com.zaxxer.hikari.HikariDataSource       : HikariPool-1 - Start completed.
2021-09-09 12:29:26.371  INFO 28512 --- [main] org.hibernate.dialect.Dialect            : HHH000400: Using dialect: org.hibernate.dialect.MySQL5InnoDBDialect
2021-09-09 12:29:26.833  INFO 28512 --- [main] o.h.e.t.j.p.i.JtaPlatformInitiator       : HHH000490: Using JtaPlatform implementation: [org.hibernate.engine.transaction.jta.platform.internal.NoJtaPlatform]
2021-09-09 12:29:26.842  INFO 28512 --- [main] j.LocalContainerEntityManagerFactoryBean : Initialized JPA EntityManagerFactory for persistence unit 'default'
2021-09-09 12:29:27.148  WARN 28512 --- [main] JpaBaseConfiguration$JpaWebConfiguration : spring.jpa.open-in-view is enabled by default. Therefore, database queries may be performed during view rendering. Explicitly configure spring.jpa.open-in-view to disable this warning
2021-09-09 12:29:27.876  INFO 28512 --- [main] com.example.PMS1.Pms1ApplicationTests    : Started Pms1ApplicationTests in 4.571 seconds (JVM running for 5.573)
2021-09-09 12:29:28.011  INFO 28512 --- [SpringApplicationShutdownHook] j.LocalContainerEntityManagerFactoryBean : Closing JPA EntityManagerFactory for persistence unit 'default'
2021-09-09 12:29:28.016  INFO 28512 --- [SpringApplicationShutdownHook] com.zaxxer.hikari.HikariDataSource       : HikariPool-1 - Shutdown initiated...
2021-09-09 12:29:28.037  INFO 28512 --- [SpringApplicationShutdownHook] com.zaxxer.hikari.HikariDataSource       : HikariPool-1 - Shutdown completed.
2021-09-09 12:49:42.780  INFO 22400 --- [main] com.example.PMS1.Pms1ApplicationTests    : Starting Pms1ApplicationTests using Java 11.0.10 on LAPTOP-LUFHO4CJ with PID 22400 (started by riju_ in C:\Users\riju_\Downloads\PMS1\PMS1)
2021-09-09 12:49:42.782  INFO 22400 --- [main] com.example.PMS1.Pms1ApplicationTests    : No active profile set, falling back to default profiles: default
2021-09-09 12:49:43.450  INFO 22400 --- [main] .s.d.r.c.RepositoryConfigurationDelegate : Bootstrapping Spring Data JPA repositories in DEFAULT mode.
2021-09-09 12:49:43.517  INFO 22400 --- [main] .s.d.r.c.RepositoryConfigurationDelegate : Finished Spring Data repository scanning in 58 ms. Found 1 JPA repository interfaces.
2021-09-09 12:49:44.633  INFO 22400 --- [main] o.hibernate.jpa.internal.util.LogHelper  : HHH000204: Processing PersistenceUnitInfo [name: default]
2021-09-09 12:49:44.702  INFO 22400 --- [main] org.hibernate.Version                    : HHH000412: Hibernate ORM core version 5.4.32.Final
2021-09-09 12:49:44.751  INFO 22400 --- [main] o.hibernate.annotations.common.Version   : HCANN000001: Hibernate Commons Annotations {5.1.2.Final}
2021-09-09 12:49:45.107  INFO 22400 --- [main] com.zaxxer.hikari.HikariDataSource       : HikariPool-1 - Starting...
2021-09-09 12:49:45.112  WARN 22400 --- [main] com.zaxxer.hikari.util.DriverDataSource  : Registered driver with driverClassName=com.mysql.jdbc.Driver was not found, trying direct instantiation.
2021-09-09 12:49:45.441  INFO 22400 --- [main] com.zaxxer.hikari.HikariDataSource       : HikariPool-1 - Start completed.
2021-09-09 12:49:45.460  INFO 22400 --- [main] org.hibernate.dialect.Dialect            : HHH000400: Using dialect: org.hibernate.dialect.MySQL5InnoDBDialect
2021-09-09 12:49:45.921  INFO 22400 --- [main] o.h.e.t.j.p.i.JtaPlatformInitiator       : HHH000490: Using JtaPlatform implementation: [org.hibernate.engine.transaction.jta.platform.internal.NoJtaPlatform]
2021-09-09 12:49:45.930  INFO 22400 --- [main] j.LocalContainerEntityManagerFactoryBean : Initialized JPA EntityManagerFactory for persistence unit 'default'
2021-09-09 12:49:46.226  WARN 22400 --- [main] JpaBaseConfiguration$JpaWebConfiguration : spring.jpa.open-in-view is enabled by default. Therefore, database queries may be performed during view rendering. Explicitly configure spring.jpa.open-in-view to disable this warning
2021-09-09 12:49:46.980  INFO 22400 --- [main] com.example.PMS1.Pms1ApplicationTests    : Started Pms1ApplicationTests in 4.518 seconds (JVM running for 5.543)
2021-09-09 12:49:47.098  INFO 22400 --- [SpringApplicationShutdownHook] j.LocalContainerEntityManagerFactoryBean : Closing JPA EntityManagerFactory for persistence unit 'default'
2021-09-09 12:49:47.102  INFO 22400 --- [SpringApplicationShutdownHook] com.zaxxer.hikari.HikariDataSource       : HikariPool-1 - Shutdown initiated...
2021-09-09 12:49:47.125  INFO 22400 --- [SpringApplicationShutdownHook] com.zaxxer.hikari.HikariDataSource       : HikariPool-1 - Shutdown completed.
2021-09-09 12:50:20.838  INFO 25804 --- [main] com.example.PMS1.Pms1ApplicationTests    : Starting Pms1ApplicationTests using Java 11.0.10 on LAPTOP-LUFHO4CJ with PID 25804 (started by riju_ in C:\Users\riju_\Downloads\PMS1\PMS1)
2021-09-09 12:50:20.841  INFO 25804 --- [main] com.example.PMS1.Pms1ApplicationTests    : No active profile set, falling back to default profiles: default
2021-09-09 12:50:21.535  INFO 25804 --- [main] .s.d.r.c.RepositoryConfigurationDelegate : Bootstrapping Spring Data JPA repositories in DEFAULT mode.
2021-09-09 12:50:21.598  INFO 25804 --- [main] .s.d.r.c.RepositoryConfigurationDelegate : Finished Spring Data repository scanning in 54 ms. Found 1 JPA repository interfaces.
2021-09-09 12:50:22.584  INFO 25804 --- [main] o.hibernate.jpa.internal.util.LogHelper  : HHH000204: Processing PersistenceUnitInfo [name: default]
2021-09-09 12:50:22.651  INFO 25804 --- [main] org.hibernate.Version                    : HHH000412: Hibernate ORM core version 5.4.32.Final
2021-09-09 12:50:22.710  INFO 25804 --- [main] o.hibernate.annotations.common.Version   : HCANN000001: Hibernate Commons Annotations {5.1.2.Final}
2021-09-09 12:50:23.073  INFO 25804 --- [main] com.zaxxer.hikari.HikariDataSource       : HikariPool-1 - Starting...
2021-09-09 12:50:23.078  WARN 25804 --- [main] com.zaxxer.hikari.util.DriverDataSource  : Registered driver with driverClassName=com.mysql.jdbc.Driver was not found, trying direct instantiation.
2021-09-09 12:50:23.407  INFO 25804 --- [main] com.zaxxer.hikari.HikariDataSource       : HikariPool-1 - Start completed.
2021-09-09 12:50:23.426  INFO 25804 --- [main] org.hibernate.dialect.Dialect            : HHH000400: Using dialect: org.hibernate.dialect.MySQL5InnoDBDialect
2021-09-09 12:50:23.874  INFO 25804 --- [main] o.h.e.t.j.p.i.JtaPlatformInitiator       : HHH000490: Using JtaPlatform implementation: [org.hibernate.engine.transaction.jta.platform.internal.NoJtaPlatform]
2021-09-09 12:50:23.883  INFO 25804 --- [main] j.LocalContainerEntityManagerFactoryBean : Initialized JPA EntityManagerFactory for persistence unit 'default'
2021-09-09 12:50:24.185  WARN 25804 --- [main] JpaBaseConfiguration$JpaWebConfiguration : spring.jpa.open-in-view is enabled by default. Therefore, database queries may be performed during view rendering. Explicitly configure spring.jpa.open-in-view to disable this warning
2021-09-09 12:50:24.957  INFO 25804 --- [main] com.example.PMS1.Pms1ApplicationTests    : Started Pms1ApplicationTests in 4.453 seconds (JVM running for 5.462)
2021-09-09 12:50:25.085  INFO 25804 --- [SpringApplicationShutdownHook] j.LocalContainerEntityManagerFactoryBean : Closing JPA EntityManagerFactory for persistence unit 'default'
2021-09-09 12:50:25.089  INFO 25804 --- [SpringApplicationShutdownHook] com.zaxxer.hikari.HikariDataSource       : HikariPool-1 - Shutdown initiated...
2021-09-09 12:50:25.108  INFO 25804 --- [SpringApplicationShutdownHook] com.zaxxer.hikari.HikariDataSource       : HikariPool-1 - Shutdown completed.
2021-09-09 12:50:49.547  INFO 11232 --- [main] com.example.PMS1.Pms1ApplicationTests    : Starting Pms1ApplicationTests using Java 11.0.10 on LAPTOP-LUFHO4CJ with PID 11232 (started by riju_ in C:\Users\riju_\Downloads\PMS1\PMS1)
2021-09-09 12:50:49.550  INFO 11232 --- [main] com.example.PMS1.Pms1ApplicationTests    : No active profile set, falling back to default profiles: default
2021-09-09 12:50:50.243  INFO 11232 --- [main] .s.d.r.c.RepositoryConfigurationDelegate : Bootstrapping Spring Data JPA repositories in DEFAULT mode.
2021-09-09 12:50:50.301  INFO 11232 --- [main] .s.d.r.c.RepositoryConfigurationDelegate : Finished Spring Data repository scanning in 49 ms. Found 1 JPA repository interfaces.
2021-09-09 12:50:51.312  INFO 11232 --- [main] o.hibernate.jpa.internal.util.LogHelper  : HHH000204: Processing PersistenceUnitInfo [name: default]
2021-09-09 12:50:51.375  INFO 11232 --- [main] org.hibernate.Version                    : HHH000412: Hibernate ORM core version 5.4.32.Final
2021-09-09 12:50:51.426  INFO 11232 --- [main] o.hibernate.annotations.common.Version   : HCANN000001: Hibernate Commons Annotations {5.1.2.Final}
2021-09-09 12:50:51.792  INFO 11232 --- [main] com.zaxxer.hikari.HikariDataSource       : HikariPool-1 - Starting...
2021-09-09 12:50:51.796  WARN 11232 --- [main] com.zaxxer.hikari.util.DriverDataSource  : Registered driver with driverClassName=com.mysql.jdbc.Driver was not found, trying direct instantiation.
2021-09-09 12:50:52.133  INFO 11232 --- [main] com.zaxxer.hikari.HikariDataSource       : HikariPool-1 - Start completed.
2021-09-09 12:50:52.152  INFO 11232 --- [main] org.hibernate.dialect.Dialect            : HHH000400: Using dialect: org.hibernate.dialect.MySQL5InnoDBDialect
2021-09-09 12:50:52.605  INFO 11232 --- [main] o.h.e.t.j.p.i.JtaPlatformInitiator       : HHH000490: Using JtaPlatform implementation: [org.hibernate.engine.transaction.jta.platform.internal.NoJtaPlatform]
2021-09-09 12:50:52.614  INFO 11232 --- [main] j.LocalContainerEntityManagerFactoryBean : Initialized JPA EntityManagerFactory for persistence unit 'default'
2021-09-09 12:50:52.892  WARN 11232 --- [main] JpaBaseConfiguration$JpaWebConfiguration : spring.jpa.open-in-view is enabled by default. Therefore, database queries may be performed during view rendering. Explicitly configure spring.jpa.open-in-view to disable this warning
2021-09-09 12:50:53.651  INFO 11232 --- [main] com.example.PMS1.Pms1ApplicationTests    : Started Pms1ApplicationTests in 4.437 seconds (JVM running for 5.429)
2021-09-09 12:50:53.783  INFO 11232 --- [SpringApplicationShutdownHook] j.LocalContainerEntityManagerFactoryBean : Closing JPA EntityManagerFactory for persistence unit 'default'
2021-09-09 12:50:53.787  INFO 11232 --- [SpringApplicationShutdownHook] com.zaxxer.hikari.HikariDataSource       : HikariPool-1 - Shutdown initiated...
2021-09-09 12:50:53.809  INFO 11232 --- [SpringApplicationShutdownHook] com.zaxxer.hikari.HikariDataSource       : HikariPool-1 - Shutdown completed.
